{
  "RSpec": {
    "coverage": {
      "/Users/siobhanb/Documents/8th-Light/Apprenticeship/ruby-ttt/lib/board.rb": [
        1,
        1,
        null,
        1,
        null,
        null,
        null,
        null,
        null,
        null,
        null,
        null,
        null,
        null,
        1,
        8,
        null,
        null,
        1,
        0,
        0,
        0,
        null,
        null,
        1,
        0,
        0,
        0,
        0,
        null,
        null,
        0,
        null,
        null,
        1,
        0,
        0,
        null,
        null,
        null,
        1,
        0,
        null,
        null
      ],
      "/Users/siobhanb/Documents/8th-Light/Apprenticeship/ruby-ttt/lib/game.rb": [
        1,
        1,
        1,
        null,
        1,
        1,
        null,
        1,
        6,
        6,
        6,
        6,
        null,
        null,
        1,
        0,
        0,
        null,
        null,
        1,
        0,
        0,
        0,
        0,
        0,
        null,
        null,
        0,
        null,
        null,
        1,
        0,
        0,
        0,
        null,
        0,
        null,
        null,
        null,
        1,
        0,
        null,
        null,
        1,
        0,
        null,
        null,
        1,
        0,
        null,
        null,
        1,
        0,
        null,
        null,
        1,
        0,
        0,
        null,
        0,
        null,
        null,
        null,
        1,
        0,
        null,
        null,
        1,
        0,
        null,
        null,
        1,
        0,
        0,
        null,
        0,
        null,
        null,
        null
      ],
      "/Users/siobhanb/Documents/8th-Light/Apprenticeship/ruby-ttt/lib/player.rb": [
        null,
        1,
        1,
        6,
        6,
        null,
        null,
        1,
        6,
        null,
        null,
        1,
        0,
        null,
        null
      ],
      "/Users/siobhanb/Documents/8th-Light/Apprenticeship/ruby-ttt/lib/display.rb": [
        1,
        1,
        12,
        12,
        null,
        null,
        1,
        1,
        null,
        null,
        null,
        null,
        null,
        null,
        null,
        1,
        1,
        null,
        null,
        1,
        0,
        0,
        null,
        null,
        1,
        1,
        null,
        null,
        1,
        0,
        0,
        0,
        null,
        null,
        1,
        1,
        null,
        null,
        1,
        1,
        null,
        null,
        1,
        1,
        null,
        null
      ],
      "/Users/siobhanb/Documents/8th-Light/Apprenticeship/ruby-ttt/spec/board_condition.rb": [
        1,
        1,
        null,
        1,
        null,
        1,
        null,
        1,
        null
      ]
    },
    "timestamp": 1553703111
  }
}
